\BOOKMARK [0][-]{chapter.1}{Einleitung}{}% 1
\BOOKMARK [1][-]{section.1.1}{Motivation}{chapter.1}% 2
\BOOKMARK [1][-]{section.1.2}{Zielsetzung}{chapter.1}% 3
\BOOKMARK [1][-]{section.1.3}{Vorgehensweise}{chapter.1}% 4
\BOOKMARK [0][-]{chapter.2}{Technische Grundlagen}{}% 5
\BOOKMARK [1][-]{section.2.1}{Gamification}{chapter.2}% 6
\BOOKMARK [2][-]{subsection.2.1.1}{Definition und Einordnung}{section.2.1}% 7
\BOOKMARK [2][-]{subsection.2.1.2}{Spielermotivation}{section.2.1}% 8
\BOOKMARK [2][-]{subsection.2.1.3}{Gamification-Elemente}{section.2.1}% 9
\BOOKMARK [1][-]{section.2.2}{Kriterien f\374r qualitativ hochwertigen Code}{chapter.2}% 10
\BOOKMARK [2][-]{subsection.2.2.1}{Funktionale Vollst\344ndigkeit}{section.2.2}% 11
\BOOKMARK [2][-]{subsection.2.2.2}{Nutzbarkeit}{section.2.2}% 12
\BOOKMARK [2][-]{subsection.2.2.3}{Performanz}{section.2.2}% 13
\BOOKMARK [2][-]{subsection.2.2.4}{Kompatibilit\344t}{section.2.2}% 14
\BOOKMARK [2][-]{subsection.2.2.5}{Zuverl\344ssigkeit}{section.2.2}% 15
\BOOKMARK [2][-]{subsection.2.2.6}{Sicherheit}{section.2.2}% 16
\BOOKMARK [2][-]{subsection.2.2.7}{Wartbarkeit}{section.2.2}% 17
\BOOKMARK [2][-]{subsection.2.2.8}{Portierbarkeit}{section.2.2}% 18
\BOOKMARK [2][-]{subsection.2.2.9}{Auswahl der Qualit\344tskriterien}{section.2.2}% 19
\BOOKMARK [0][-]{chapter.3}{Projektkontext}{}% 20
\BOOKMARK [1][-]{section.3.1}{Problembeschreibung}{chapter.3}% 21
\BOOKMARK [1][-]{section.3.2}{Kontext coderadar}{chapter.3}% 22
\BOOKMARK [1][-]{section.3.3}{Anforderungen}{chapter.3}% 23
\BOOKMARK [1][-]{section.3.4}{Wissenschaftliche Einordnung}{chapter.3}% 24
\BOOKMARK [0][-]{chapter.4}{Entwurf des L\366sungsansatzes}{}% 25
\BOOKMARK [1][-]{section.4.1}{Codeanalyse}{chapter.4}% 26
\BOOKMARK [2][-]{subsection.4.1.1}{Analyseprozess}{section.4.1}% 27
\BOOKMARK [2][-]{subsection.4.1.2}{Herausforderungen}{section.4.1}% 28
\BOOKMARK [1][-]{section.4.2}{Architektur}{chapter.4}% 29
\BOOKMARK [1][-]{section.4.3}{Metrikmatrix}{chapter.4}% 30
\BOOKMARK [1][-]{section.4.4}{Gamification-Elemente}{chapter.4}% 31
\BOOKMARK [2][-]{subsection.4.4.1}{Punkte}{section.4.4}% 32
\BOOKMARK [2][-]{subsection.4.4.2}{Level}{section.4.4}% 33
\BOOKMARK [0][-]{chapter.5}{Umsetzung}{}% 34
\BOOKMARK [1][-]{section.5.1}{Programmierung}{chapter.5}% 35
\BOOKMARK [0][-]{chapter.6}{Abschluss}{}% 36
\BOOKMARK [1][-]{section.6.1}{Verifizierung der Anforderungen}{chapter.6}% 37
\BOOKMARK [1][-]{section.6.2}{Fazit}{chapter.6}% 38
\BOOKMARK [0][-]{chapter*.51}{Anhang}{}% 39
\BOOKMARK [0][-]{section*.52}{Abk\374rzungsverzeichnis}{}% 40
\BOOKMARK [0][-]{section*.54}{Abbildungsverzeichnis}{}% 41
\BOOKMARK [0][-]{section*.55}{Tabellenverzeichnis}{}% 42
\BOOKMARK [0][-]{chapter*.56}{Quellcodeverzeichnis}{}% 43
\BOOKMARK [0][-]{chapter*.57}{Literaturverzeichnis}{}% 44
